
================================================================================
Starting case2 at Wed Oct  1 18:17:43 2025 on port 7001
================================================================================
/Users/ayush/Downloads/Samsung Dashboard worklet 8/.venv/lib/python3.13/site-packages/sklearn/base.py:442: InconsistentVersionWarning: Trying to unpickle estimator Ridge from version 1.6.1 when using version 1.7.2. This might lead to breaking code or invalid results. Use at your own risk. For more info please refer to:
https://scikit-learn.org/stable/model_persistence.html#security-maintainability-limitations
  warnings.warn(
/Users/ayush/Downloads/Samsung Dashboard worklet 8/.venv/lib/python3.13/site-packages/sklearn/base.py:442: InconsistentVersionWarning: Trying to unpickle estimator StandardScaler from version 1.6.1 when using version 1.7.2. This might lead to breaking code or invalid results. Use at your own risk. For more info please refer to:
https://scikit-learn.org/stable/model_persistence.html#security-maintainability-limitations
  warnings.warn(
Traceback (most recent call last):
  File "<frozen runpy>", line 198, in _run_module_as_main
  File "<frozen runpy>", line 88, in _run_code
  File "/Users/ayush/Downloads/Samsung Dashboard worklet 8/.venv/lib/python3.13/site-packages/flask/__main__.py", line 3, in <module>
    main()
    ~~~~^^
  File "/Users/ayush/Downloads/Samsung Dashboard worklet 8/.venv/lib/python3.13/site-packages/flask/cli.py", line 1131, in main
    cli.main()
    ~~~~~~~~^^
  File "/Users/ayush/Downloads/Samsung Dashboard worklet 8/.venv/lib/python3.13/site-packages/click/core.py", line 1383, in main
    rv = self.invoke(ctx)
  File "/Users/ayush/Downloads/Samsung Dashboard worklet 8/.venv/lib/python3.13/site-packages/click/core.py", line 1850, in invoke
    return _process_result(sub_ctx.command.invoke(sub_ctx))
                           ~~~~~~~~~~~~~~~~~~~~~~^^^^^^^^^
  File "/Users/ayush/Downloads/Samsung Dashboard worklet 8/.venv/lib/python3.13/site-packages/click/core.py", line 1246, in invoke
    return ctx.invoke(self.callback, **ctx.params)
           ~~~~~~~~~~^^^^^^^^^^^^^^^^^^^^^^^^^^^^^
  File "/Users/ayush/Downloads/Samsung Dashboard worklet 8/.venv/lib/python3.13/site-packages/click/core.py", line 814, in invoke
    return callback(*args, **kwargs)
  File "/Users/ayush/Downloads/Samsung Dashboard worklet 8/.venv/lib/python3.13/site-packages/click/decorators.py", line 93, in new_func
    return ctx.invoke(f, obj, *args, **kwargs)
           ~~~~~~~~~~^^^^^^^^^^^^^^^^^^^^^^^^^
  File "/Users/ayush/Downloads/Samsung Dashboard worklet 8/.venv/lib/python3.13/site-packages/click/core.py", line 814, in invoke
    return callback(*args, **kwargs)
  File "/Users/ayush/Downloads/Samsung Dashboard worklet 8/.venv/lib/python3.13/site-packages/flask/cli.py", line 991, in run_command
    run_simple(
    ~~~~~~~~~~^
        host,
        ^^^^^
    ...<7 lines>...
        exclude_patterns=exclude_patterns,
        ^^^^^^^^^^^^^^^^^^^^^^^^^^^^^^^^^^
    )
    ^
  File "/Users/ayush/Downloads/Samsung Dashboard worklet 8/.venv/lib/python3.13/site-packages/werkzeug/serving.py", line 1093, in run_simple
    srv = make_server(
        hostname,
    ...<7 lines>...
        fd=fd,
    )
  File "/Users/ayush/Downloads/Samsung Dashboard worklet 8/.venv/lib/python3.13/site-packages/werkzeug/serving.py", line 930, in make_server
    return ThreadedWSGIServer(
        host, port, app, request_handler, passthrough_errors, ssl_context, fd=fd
    )
  File "/Users/ayush/Downloads/Samsung Dashboard worklet 8/.venv/lib/python3.13/site-packages/werkzeug/serving.py", line 792, in __init__
    self.socket = socket.fromfd(fd, address_family, socket.SOCK_STREAM)
                  ~~~~~~~~~~~~~^^^^^^^^^^^^^^^^^^^^^^^^^^^^^^^^^^^^^^^^
  File "/opt/homebrew/Cellar/python@3.13/3.13.5/Frameworks/Python.framework/Versions/3.13/lib/python3.13/socket.py", line 548, in fromfd
    nfd = dup(fd)
OSError: [Errno 9] Bad file descriptor

================================================================================
Starting case2 at Wed Oct  1 18:21:09 2025 on port 7001
================================================================================
/Users/ayush/Downloads/Samsung Dashboard worklet 8/.venv/lib/python3.13/site-packages/sklearn/base.py:442: InconsistentVersionWarning: Trying to unpickle estimator Ridge from version 1.6.1 when using version 1.7.2. This might lead to breaking code or invalid results. Use at your own risk. For more info please refer to:
https://scikit-learn.org/stable/model_persistence.html#security-maintainability-limitations
  warnings.warn(
/Users/ayush/Downloads/Samsung Dashboard worklet 8/.venv/lib/python3.13/site-packages/sklearn/base.py:442: InconsistentVersionWarning: Trying to unpickle estimator StandardScaler from version 1.6.1 when using version 1.7.2. This might lead to breaking code or invalid results. Use at your own risk. For more info please refer to:
https://scikit-learn.org/stable/model_persistence.html#security-maintainability-limitations
  warnings.warn(
 * Serving Flask app 'app.py'
 * Debug mode: off
[31m[1mWARNING: This is a development server. Do not use it in a production deployment. Use a production WSGI server instead.[0m
 * Running on http://127.0.0.1:7001
[33mPress CTRL+C to quit[0m
127.0.0.1 - - [01/Oct/2025 18:21:12] "GET / HTTP/1.1" 200 -
127.0.0.1 - - [01/Oct/2025 18:21:12] "GET / HTTP/1.1" 200 -
127.0.0.1 - - [01/Oct/2025 18:22:46] "GET / HTTP/1.1" 200 -
127.0.0.1 - - [01/Oct/2025 18:22:49] "GET / HTTP/1.1" 200 -
127.0.0.1 - - [01/Oct/2025 18:29:21] "GET / HTTP/1.1" 200 -
127.0.0.1 - - [01/Oct/2025 18:31:40] "GET / HTTP/1.1" 200 -
127.0.0.1 - - [01/Oct/2025 18:39:35] "GET / HTTP/1.1" 200 -
127.0.0.1 - - [01/Oct/2025 18:47:14] "GET / HTTP/1.1" 200 -

================================================================================
Starting case2 at Fri Oct  3 10:02:36 2025 on port 7001
================================================================================
/Users/ayush/Downloads/Samsung Dashboard worklet 8/.venv/lib/python3.13/site-packages/sklearn/base.py:442: InconsistentVersionWarning: Trying to unpickle estimator Ridge from version 1.6.1 when using version 1.7.2. This might lead to breaking code or invalid results. Use at your own risk. For more info please refer to:
https://scikit-learn.org/stable/model_persistence.html#security-maintainability-limitations
  warnings.warn(
/Users/ayush/Downloads/Samsung Dashboard worklet 8/.venv/lib/python3.13/site-packages/sklearn/base.py:442: InconsistentVersionWarning: Trying to unpickle estimator StandardScaler from version 1.6.1 when using version 1.7.2. This might lead to breaking code or invalid results. Use at your own risk. For more info please refer to:
https://scikit-learn.org/stable/model_persistence.html#security-maintainability-limitations
  warnings.warn(
 * Serving Flask app 'app.py'
 * Debug mode: off
[31m[1mWARNING: This is a development server. Do not use it in a production deployment. Use a production WSGI server instead.[0m
 * Running on http://127.0.0.1:7001
[33mPress CTRL+C to quit[0m
127.0.0.1 - - [03/Oct/2025 10:02:42] "GET / HTTP/1.1" 200 -
127.0.0.1 - - [03/Oct/2025 10:02:42] "GET / HTTP/1.1" 200 -
127.0.0.1 - - [03/Oct/2025 10:30:04] "GET / HTTP/1.1" 200 -
127.0.0.1 - - [03/Oct/2025 10:33:54] "GET / HTTP/1.1" 200 -
127.0.0.1 - - [03/Oct/2025 12:08:25] "GET / HTTP/1.1" 200 -

================================================================================
Starting case2 at Tue Oct  7 03:12:12 2025 on port 7001
================================================================================
/Users/ayush/Downloads/Samsung Dashboard worklet 8/.venv/lib/python3.13/site-packages/sklearn/base.py:440: InconsistentVersionWarning: Trying to unpickle estimator Ridge from version 1.6.1 when using version 1.7.0. This might lead to breaking code or invalid results. Use at your own risk. For more info please refer to:
https://scikit-learn.org/stable/model_persistence.html#security-maintainability-limitations
  warnings.warn(
/Users/ayush/Downloads/Samsung Dashboard worklet 8/.venv/lib/python3.13/site-packages/sklearn/base.py:440: InconsistentVersionWarning: Trying to unpickle estimator StandardScaler from version 1.6.1 when using version 1.7.0. This might lead to breaking code or invalid results. Use at your own risk. For more info please refer to:
https://scikit-learn.org/stable/model_persistence.html#security-maintainability-limitations
  warnings.warn(
 * Serving Flask app 'app.py'
 * Debug mode: off
[31m[1mWARNING: This is a development server. Do not use it in a production deployment. Use a production WSGI server instead.[0m
 * Running on http://127.0.0.1:7001
[33mPress CTRL+C to quit[0m
127.0.0.1 - - [07/Oct/2025 03:12:33] "GET / HTTP/1.1" 200 -
127.0.0.1 - - [07/Oct/2025 03:12:33] "GET / HTTP/1.1" 200 -
/Users/ayush/Downloads/Samsung Dashboard worklet 8/.venv/lib/python3.13/site-packages/sklearn/utils/validation.py:2749: UserWarning: X does not have valid feature names, but StandardScaler was fitted with feature names
  warnings.warn(
/Users/ayush/Downloads/Samsung Dashboard worklet 8/.venv/lib/python3.13/site-packages/sklearn/utils/validation.py:2749: UserWarning: X does not have valid feature names, but LGBMRegressor was fitted with feature names
  warnings.warn(
127.0.0.1 - - [07/Oct/2025 03:12:37] "POST /predict HTTP/1.1" 200 -
/Users/ayush/Downloads/Samsung Dashboard worklet 8/.venv/lib/python3.13/site-packages/sklearn/utils/validation.py:2749: UserWarning: X does not have valid feature names, but StandardScaler was fitted with feature names
  warnings.warn(
/Users/ayush/Downloads/Samsung Dashboard worklet 8/.venv/lib/python3.13/site-packages/sklearn/utils/validation.py:2749: UserWarning: X does not have valid feature names, but LGBMRegressor was fitted with feature names
  warnings.warn(
127.0.0.1 - - [07/Oct/2025 03:12:40] "POST /predict HTTP/1.1" 200 -
/Users/ayush/Downloads/Samsung Dashboard worklet 8/.venv/lib/python3.13/site-packages/sklearn/utils/validation.py:2749: UserWarning: X does not have valid feature names, but StandardScaler was fitted with feature names
  warnings.warn(
/Users/ayush/Downloads/Samsung Dashboard worklet 8/.venv/lib/python3.13/site-packages/sklearn/utils/validation.py:2749: UserWarning: X does not have valid feature names, but LGBMRegressor was fitted with feature names
  warnings.warn(
127.0.0.1 - - [07/Oct/2025 03:12:40] "POST /predict HTTP/1.1" 200 -
/Users/ayush/Downloads/Samsung Dashboard worklet 8/.venv/lib/python3.13/site-packages/sklearn/utils/validation.py:2749: UserWarning: X does not have valid feature names, but StandardScaler was fitted with feature names
  warnings.warn(
/Users/ayush/Downloads/Samsung Dashboard worklet 8/.venv/lib/python3.13/site-packages/sklearn/utils/validation.py:2749: UserWarning: X does not have valid feature names, but LGBMRegressor was fitted with feature names
  warnings.warn(
127.0.0.1 - - [07/Oct/2025 03:12:41] "POST /predict HTTP/1.1" 200 -
/Users/ayush/Downloads/Samsung Dashboard worklet 8/.venv/lib/python3.13/site-packages/sklearn/utils/validation.py:2749: UserWarning: X does not have valid feature names, but StandardScaler was fitted with feature names
  warnings.warn(
/Users/ayush/Downloads/Samsung Dashboard worklet 8/.venv/lib/python3.13/site-packages/sklearn/utils/validation.py:2749: UserWarning: X does not have valid feature names, but LGBMRegressor was fitted with feature names
  warnings.warn(
127.0.0.1 - - [07/Oct/2025 03:12:41] "POST /predict HTTP/1.1" 200 -
/Users/ayush/Downloads/Samsung Dashboard worklet 8/.venv/lib/python3.13/site-packages/sklearn/utils/validation.py:2749: UserWarning: X does not have valid feature names, but StandardScaler was fitted with feature names
  warnings.warn(
/Users/ayush/Downloads/Samsung Dashboard worklet 8/.venv/lib/python3.13/site-packages/sklearn/utils/validation.py:2749: UserWarning: X does not have valid feature names, but LGBMRegressor was fitted with feature names
  warnings.warn(
127.0.0.1 - - [07/Oct/2025 03:12:41] "POST /predict HTTP/1.1" 200 -
/Users/ayush/Downloads/Samsung Dashboard worklet 8/.venv/lib/python3.13/site-packages/sklearn/utils/validation.py:2749: UserWarning: X does not have valid feature names, but StandardScaler was fitted with feature names
  warnings.warn(
/Users/ayush/Downloads/Samsung Dashboard worklet 8/.venv/lib/python3.13/site-packages/sklearn/utils/validation.py:2749: UserWarning: X does not have valid feature names, but LGBMRegressor was fitted with feature names
  warnings.warn(
127.0.0.1 - - [07/Oct/2025 03:12:41] "POST /predict HTTP/1.1" 200 -
/Users/ayush/Downloads/Samsung Dashboard worklet 8/.venv/lib/python3.13/site-packages/sklearn/utils/validation.py:2749: UserWarning: X does not have valid feature names, but StandardScaler was fitted with feature names
  warnings.warn(
/Users/ayush/Downloads/Samsung Dashboard worklet 8/.venv/lib/python3.13/site-packages/sklearn/utils/validation.py:2749: UserWarning: X does not have valid feature names, but LGBMRegressor was fitted with feature names
  warnings.warn(
127.0.0.1 - - [07/Oct/2025 03:12:41] "POST /predict HTTP/1.1" 200 -
/Users/ayush/Downloads/Samsung Dashboard worklet 8/.venv/lib/python3.13/site-packages/sklearn/utils/validation.py:2749: UserWarning: X does not have valid feature names, but StandardScaler was fitted with feature names
  warnings.warn(
/Users/ayush/Downloads/Samsung Dashboard worklet 8/.venv/lib/python3.13/site-packages/sklearn/utils/validation.py:2749: UserWarning: X does not have valid feature names, but LGBMRegressor was fitted with feature names
  warnings.warn(
127.0.0.1 - - [07/Oct/2025 03:12:41] "POST /predict HTTP/1.1" 200 -
127.0.0.1 - - [07/Oct/2025 03:12:42] "GET / HTTP/1.1" 200 -
/Users/ayush/Downloads/Samsung Dashboard worklet 8/.venv/lib/python3.13/site-packages/sklearn/utils/validation.py:2749: UserWarning: X does not have valid feature names, but StandardScaler was fitted with feature names
  warnings.warn(
/Users/ayush/Downloads/Samsung Dashboard worklet 8/.venv/lib/python3.13/site-packages/sklearn/utils/validation.py:2749: UserWarning: X does not have valid feature names, but LGBMRegressor was fitted with feature names
  warnings.warn(
127.0.0.1 - - [07/Oct/2025 03:12:42] "POST /predict HTTP/1.1" 200 -
/Users/ayush/Downloads/Samsung Dashboard worklet 8/.venv/lib/python3.13/site-packages/sklearn/utils/validation.py:2749: UserWarning: X does not have valid feature names, but StandardScaler was fitted with feature names
  warnings.warn(
/Users/ayush/Downloads/Samsung Dashboard worklet 8/.venv/lib/python3.13/site-packages/sklearn/utils/validation.py:2749: UserWarning: X does not have valid feature names, but LGBMRegressor was fitted with feature names
  warnings.warn(
127.0.0.1 - - [07/Oct/2025 03:12:43] "POST /predict HTTP/1.1" 200 -
/Users/ayush/Downloads/Samsung Dashboard worklet 8/.venv/lib/python3.13/site-packages/sklearn/utils/validation.py:2749: UserWarning: X does not have valid feature names, but StandardScaler was fitted with feature names
  warnings.warn(
/Users/ayush/Downloads/Samsung Dashboard worklet 8/.venv/lib/python3.13/site-packages/sklearn/utils/validation.py:2749: UserWarning: X does not have valid feature names, but LGBMRegressor was fitted with feature names
  warnings.warn(
127.0.0.1 - - [07/Oct/2025 03:12:43] "POST /predict HTTP/1.1" 200 -
/Users/ayush/Downloads/Samsung Dashboard worklet 8/.venv/lib/python3.13/site-packages/sklearn/utils/validation.py:2749: UserWarning: X does not have valid feature names, but StandardScaler was fitted with feature names
  warnings.warn(
/Users/ayush/Downloads/Samsung Dashboard worklet 8/.venv/lib/python3.13/site-packages/sklearn/utils/validation.py:2749: UserWarning: X does not have valid feature names, but LGBMRegressor was fitted with feature names
  warnings.warn(
127.0.0.1 - - [07/Oct/2025 03:12:43] "POST /predict HTTP/1.1" 200 -
/Users/ayush/Downloads/Samsung Dashboard worklet 8/.venv/lib/python3.13/site-packages/sklearn/utils/validation.py:2749: UserWarning: X does not have valid feature names, but StandardScaler was fitted with feature names
  warnings.warn(
127.0.0.1 - - [07/Oct/2025 03:12:46] "POST /predict HTTP/1.1" 200 -
/Users/ayush/Downloads/Samsung Dashboard worklet 8/.venv/lib/python3.13/site-packages/sklearn/utils/validation.py:2749: UserWarning: X does not have valid feature names, but StandardScaler was fitted with feature names
  warnings.warn(
127.0.0.1 - - [07/Oct/2025 03:12:48] "POST /predict HTTP/1.1" 200 -

================================================================================
Starting case2 at Wed Oct  8 14:13:37 2025 on port 7001
================================================================================
/Users/ayush/Downloads/Samsung Dashboard worklet 8/.venv/lib/python3.13/site-packages/sklearn/base.py:440: InconsistentVersionWarning: Trying to unpickle estimator Ridge from version 1.6.1 when using version 1.7.0. This might lead to breaking code or invalid results. Use at your own risk. For more info please refer to:
https://scikit-learn.org/stable/model_persistence.html#security-maintainability-limitations
  warnings.warn(
/Users/ayush/Downloads/Samsung Dashboard worklet 8/.venv/lib/python3.13/site-packages/sklearn/base.py:440: InconsistentVersionWarning: Trying to unpickle estimator StandardScaler from version 1.6.1 when using version 1.7.0. This might lead to breaking code or invalid results. Use at your own risk. For more info please refer to:
https://scikit-learn.org/stable/model_persistence.html#security-maintainability-limitations
  warnings.warn(
 * Serving Flask app 'app.py'
 * Debug mode: off
[31m[1mWARNING: This is a development server. Do not use it in a production deployment. Use a production WSGI server instead.[0m
 * Running on http://127.0.0.1:7001
[33mPress CTRL+C to quit[0m
127.0.0.1 - - [08/Oct/2025 14:13:40] "GET / HTTP/1.1" 200 -
127.0.0.1 - - [08/Oct/2025 14:13:40] "GET / HTTP/1.1" 200 -
127.0.0.1 - - [08/Oct/2025 17:25:06] "GET / HTTP/1.1" 200 -
/Users/ayush/Downloads/Samsung Dashboard worklet 8/.venv/lib/python3.13/site-packages/sklearn/utils/validation.py:2749: UserWarning: X does not have valid feature names, but StandardScaler was fitted with feature names
  warnings.warn(
/Users/ayush/Downloads/Samsung Dashboard worklet 8/.venv/lib/python3.13/site-packages/sklearn/utils/validation.py:2749: UserWarning: X does not have valid feature names, but LGBMRegressor was fitted with feature names
  warnings.warn(
127.0.0.1 - - [08/Oct/2025 17:25:09] "POST /predict HTTP/1.1" 200 -
/Users/ayush/Downloads/Samsung Dashboard worklet 8/.venv/lib/python3.13/site-packages/sklearn/utils/validation.py:2749: UserWarning: X does not have valid feature names, but LGBMRegressor was fitted with feature names
  warnings.warn(
127.0.0.1 - - [08/Oct/2025 17:25:21] "POST /batch_predict HTTP/1.1" 200 -
127.0.0.1 - - [08/Oct/2025 17:25:24] "GET /download/predictions_test.csv HTTP/1.1" 200 -
127.0.0.1 - - [08/Oct/2025 17:39:08] "GET / HTTP/1.1" 200 -
/Users/ayush/Downloads/Samsung Dashboard worklet 8/.venv/lib/python3.13/site-packages/sklearn/utils/validation.py:2749: UserWarning: X does not have valid feature names, but LGBMRegressor was fitted with feature names
  warnings.warn(
127.0.0.1 - - [08/Oct/2025 17:39:25] "POST /batch_predict HTTP/1.1" 200 -
127.0.0.1 - - [08/Oct/2025 17:39:26] "GET /download/predictions_test.csv HTTP/1.1" 200 -
